<?xml version="1.0" encoding="UTF-8"?>
<!-- Generated by org.testng.reporters.JUnitXMLReporter -->
<testsuite ignored="0" hostname="DESKTOP-KM0QCD1" failures="0" tests="3" name="Jenkins Test" time="41.659" errors="0" timestamp="2024-02-09T21:37:41 IST">
  <testcase classname="demowebShop_Pages.PS4_ExtentReport" name="testLogin1" time="8.563"/>
  <testcase classname="demowebShop_Pages.PS4_ExtentReport" name="testLogin2" time="6.307"/>
  <testcase classname="demowebShop_Pages.PS4_ExtentReport" name="testLogin3" time="8.575"/>
</testsuite> <!-- Jenkins Test -->
