<?xml version="1.0" encoding="UTF-8"?>
<!-- Generated by org.testng.reporters.JUnitXMLReporter -->
<testsuite ignored="0" hostname="DESKTOP-KM0QCD1" failures="0" tests="3" name="Jenkins Test" time="42.098" errors="0" timestamp="2024-02-09T23:22:42 IST">
  <testcase classname="demowebShop_Pages.PS4_ExtentReportr" name="testLogin1" time="8.596"/>
  <testcase classname="demowebShop_Pages.PS4_ExtentReportr" name="testLogin2" time="6.145"/>
  <testcase classname="demowebShop_Pages.PS4_ExtentReportr" name="testLogin3" time="8.555"/>
</testsuite> <!-- Jenkins Test -->
